Started at Thu Jun 11 22:11:42 UTC 2020
Processing timeoff-management-application-job
Offering timeoff-management-application-job to Project Build Discarder
Finished at Thu Jun 11 22:11:42 UTC 2020. 11ms
Started at Thu Jun 11 23:11:42 UTC 2020
Processing timeoff-management-application-job
Offering timeoff-management-application-job to Project Build Discarder
Finished at Thu Jun 11 23:11:42 UTC 2020. 2ms
Started at Fri Jun 12 00:11:42 UTC 2020
Processing timeoff-management-application-job
Offering timeoff-management-application-job to Project Build Discarder
Finished at Fri Jun 12 00:11:42 UTC 2020. 0ms
Started at Fri Jun 12 01:11:42 UTC 2020
Processing timeoff-management-application-job
Offering timeoff-management-application-job to Project Build Discarder
Finished at Fri Jun 12 01:11:42 UTC 2020. 1ms
Started at Fri Jun 12 02:11:42 UTC 2020
Processing timeoff-management-application-job
Offering timeoff-management-application-job to Project Build Discarder
Finished at Fri Jun 12 02:11:42 UTC 2020. 0ms
Started at Fri Jun 12 03:11:42 UTC 2020
Processing timeoff-management-application-job
Offering timeoff-management-application-job to Project Build Discarder
Finished at Fri Jun 12 03:11:42 UTC 2020. 2ms
