Jun 11, 2020 12:57:39 AM org.apache.karaf.main.Main launch
INFO: Installing and starting initial bundles
Jun 11, 2020 12:57:40 AM org.apache.karaf.main.Main launch
INFO: All initial bundles installed and set to start
Jun 11, 2020 12:57:40 AM org.apache.karaf.main.Main$KarafLockCallback lockAcquired
INFO: Lock acquired. Setting startlevel to 100
Jun 11, 2020 9:54:16 PM org.apache.karaf.main.Main launch
INFO: Installing and starting initial bundles
Jun 11, 2020 9:54:16 PM org.apache.karaf.main.Main launch
INFO: All initial bundles installed and set to start
Jun 11, 2020 9:54:17 PM org.apache.karaf.main.Main$KarafLockCallback lockAcquired
INFO: Lock acquired. Setting startlevel to 100
Jun 11, 2020 11:15:03 PM org.apache.karaf.main.Main launch
INFO: Installing and starting initial bundles
Jun 11, 2020 11:15:03 PM org.apache.karaf.main.Main launch
INFO: All initial bundles installed and set to start
Jun 11, 2020 11:15:03 PM org.apache.karaf.main.Main$KarafLockCallback lockAcquired
INFO: Lock acquired. Setting startlevel to 100
Jun 11, 2020 11:23:06 PM org.apache.karaf.main.Main launch
INFO: Installing and starting initial bundles
Jun 11, 2020 11:23:06 PM org.apache.karaf.main.Main launch
INFO: All initial bundles installed and set to start
Jun 11, 2020 11:23:07 PM org.apache.karaf.main.Main$KarafLockCallback lockAcquired
INFO: Lock acquired. Setting startlevel to 100
Jun 11, 2020 11:46:08 PM org.apache.karaf.main.Main launch
INFO: Installing and starting initial bundles
Jun 11, 2020 11:46:08 PM org.apache.karaf.main.Main launch
INFO: All initial bundles installed and set to start
Jun 11, 2020 11:46:08 PM org.apache.karaf.main.Main$KarafLockCallback lockAcquired
INFO: Lock acquired. Setting startlevel to 100
Jun 12, 2020 12:04:11 AM org.apache.karaf.main.Main launch
INFO: Installing and starting initial bundles
Jun 12, 2020 12:04:11 AM org.apache.karaf.main.Main launch
INFO: All initial bundles installed and set to start
Jun 12, 2020 12:04:12 AM org.apache.karaf.main.Main$KarafLockCallback lockAcquired
INFO: Lock acquired. Setting startlevel to 100
